{
  "stats": {
    "suites": 1,
    "tests": 6,
    "passes": 6,
    "pending": 0,
    "failures": 0,
    "start": "2025-02-13T01:24:33.499Z",
    "end": "2025-02-13T01:24:41.877Z",
    "duration": 8378,
    "testsRegistered": 6,
    "passPercent": 100,
    "pendingPercent": 0,
    "other": 0,
    "hasOther": false,
    "skipped": 0,
    "hasSkipped": false
  },
  "results": [
    {
      "uuid": "4075b445-860c-4f7b-81b9-948beeef8b8c",
      "title": "",
      "fullFile": "cypress\\e2e\\spec.cy.js",
      "file": "cypress\\e2e\\spec.cy.js",
      "beforeHooks": [],
      "afterHooks": [],
      "tests": [],
      "suites": [
        {
          "uuid": "a6526d9a-0de2-42df-91f8-f6717341586d",
          "title": "Testes de UI (Interface) de formulário de cadastro",
          "fullFile": "",
          "file": "",
          "beforeHooks": [],
          "afterHooks": [],
          "tests": [
            {
              "title": "Formulário preenchido corretamente deve exibir mensagem de sucesso ao enviar",
              "fullTitle": "Testes de UI (Interface) de formulário de cadastro Formulário preenchido corretamente deve exibir mensagem de sucesso ao enviar",
              "timedOut": null,
              "duration": 1246,
              "state": "passed",
              "speed": "fast",
              "pass": true,
              "fail": false,
              "pending": false,
              "context": null,
              "code": "cy.get(\"#name\").type(\"Juliano\");\ncy.get(\"#email\").type(\"juliano@example.com\");\ncy.get(\"#confirmEmail\").type(\"juliano@example.com\");\ncy.get(\"#password\").type(\"1234567A\");\ncy.get(\"button\").click();\ncy.get(\"#message\").should(\"be.visible\");",
              "err": {},
              "uuid": "0997bec7-48f1-49df-b653-71d48a7da6ca",
              "parentUUID": "a6526d9a-0de2-42df-91f8-f6717341586d",
              "isHook": false,
              "skipped": false
            },
            {
              "title": "O formulário deve exibir mensagem de erro ao enviar sem preencher todos os campos",
              "fullTitle": "Testes de UI (Interface) de formulário de cadastro O formulário deve exibir mensagem de erro ao enviar sem preencher todos os campos",
              "timedOut": null,
              "duration": 986,
              "state": "passed",
              "speed": "fast",
              "pass": true,
              "fail": false,
              "pending": false,
              "context": null,
              "code": "cy.get(\"#name\").type(\"Juliano\");\ncy.get(\"#email\").type(\"juliano@example.com\");\ncy.get(\"#confirmEmail\").type(\"juliano@example.com\");\ncy.get(\"button\").click();\ncy.get('[id$=\"Error\"]').should(\"exist\");",
              "err": {},
              "uuid": "787a3f50-1b1f-44dd-97db-a9cad11066d5",
              "parentUUID": "a6526d9a-0de2-42df-91f8-f6717341586d",
              "isHook": false,
              "skipped": false
            },
            {
              "title": "Deve exibir mensagem de erro ao tentar enviar formulário com emails diferentes",
              "fullTitle": "Testes de UI (Interface) de formulário de cadastro Deve exibir mensagem de erro ao tentar enviar formulário com emails diferentes",
              "timedOut": null,
              "duration": 1198,
              "state": "passed",
              "speed": "fast",
              "pass": true,
              "fail": false,
              "pending": false,
              "context": null,
              "code": "cy.get(\"#name\").type(\"Juliano\");\ncy.get(\"#email\").type(\"juliano@example.com\");\ncy.get(\"#confirmEmail\").type(\"julianos@example.com\");\ncy.get(\"#password\").type(\"1234567A\");\ncy.get(\"button\").click();\ncy.get(\"#confirmEmailError\").should(\"have.text\", \"Os e-mails digitados não coincidem.\");",
              "err": {},
              "uuid": "caa5059c-6e79-4b2c-86b0-5a19272f7572",
              "parentUUID": "a6526d9a-0de2-42df-91f8-f6717341586d",
              "isHook": false,
              "skipped": false
            },
            {
              "title": "A senha deve ter no mínimo 8 caracteres",
              "fullTitle": "Testes de UI (Interface) de formulário de cadastro A senha deve ter no mínimo 8 caracteres",
              "timedOut": null,
              "duration": 1173,
              "state": "passed",
              "speed": "fast",
              "pass": true,
              "fail": false,
              "pending": false,
              "context": null,
              "code": "cy.get(\"#name\").type(\"Juliano\");\ncy.get(\"#email\").type(\"juliano@example.com\");\ncy.get(\"#confirmEmail\").type(\"juliano@example.com\");\ncy.get(\"#password\").type(\"A234567\");\ncy.get(\"button\").click();\ncy.get(\"#passwordError\").should(\"have.text\", \"A senha deve ter no mínimo 8 caracteres, 1 letra maiúscula e 1 número.\");",
              "err": {},
              "uuid": "22f6edd7-7c01-4ec0-bef5-0fff198bee2a",
              "parentUUID": "a6526d9a-0de2-42df-91f8-f6717341586d",
              "isHook": false,
              "skipped": false
            },
            {
              "title": "A senha deve ter pelo menos uma letra maiúscula",
              "fullTitle": "Testes de UI (Interface) de formulário de cadastro A senha deve ter pelo menos uma letra maiúscula",
              "timedOut": null,
              "duration": 1192,
              "state": "passed",
              "speed": "fast",
              "pass": true,
              "fail": false,
              "pending": false,
              "context": null,
              "code": "cy.get(\"#name\").type(\"Juliano\");\ncy.get(\"#email\").type(\"juliano@example.com\");\ncy.get(\"#confirmEmail\").type(\"juliano@example.com\");\ncy.get(\"#password\").type(\"1234567a\");\ncy.get(\"button\").click();\ncy.get(\"#passwordError\").should(\"have.text\", \"A senha deve ter no mínimo 8 caracteres, 1 letra maiúscula e 1 número.\");",
              "err": {},
              "uuid": "45584ce8-e775-4512-b42a-7ab762efa901",
              "parentUUID": "a6526d9a-0de2-42df-91f8-f6717341586d",
              "isHook": false,
              "skipped": false
            },
            {
              "title": "A senha deve ter pelo menos um número",
              "fullTitle": "Testes de UI (Interface) de formulário de cadastro A senha deve ter pelo menos um número",
              "timedOut": null,
              "duration": 1186,
              "state": "passed",
              "speed": "fast",
              "pass": true,
              "fail": false,
              "pending": false,
              "context": null,
              "code": "cy.get(\"#name\").type(\"Juliano\");\ncy.get(\"#email\").type(\"juliano@example.com\");\ncy.get(\"#confirmEmail\").type(\"juliano@example.com\");\ncy.get(\"#password\").type(\"Abcdefgh\");\ncy.get(\"button\").click();\ncy.get(\"#passwordError\").should(\"have.text\", \"A senha deve ter no mínimo 8 caracteres, 1 letra maiúscula e 1 número.\");",
              "err": {},
              "uuid": "e46c0efd-2270-43b9-825b-2ccdb55b5224",
              "parentUUID": "a6526d9a-0de2-42df-91f8-f6717341586d",
              "isHook": false,
              "skipped": false
            }
          ],
          "suites": [],
          "passes": [
            "0997bec7-48f1-49df-b653-71d48a7da6ca",
            "787a3f50-1b1f-44dd-97db-a9cad11066d5",
            "caa5059c-6e79-4b2c-86b0-5a19272f7572",
            "22f6edd7-7c01-4ec0-bef5-0fff198bee2a",
            "45584ce8-e775-4512-b42a-7ab762efa901",
            "e46c0efd-2270-43b9-825b-2ccdb55b5224"
          ],
          "failures": [],
          "pending": [],
          "skipped": [],
          "duration": 6981,
          "root": false,
          "rootEmpty": false,
          "_timeout": 2000
        }
      ],
      "passes": [],
      "failures": [],
      "pending": [],
      "skipped": [],
      "duration": 0,
      "root": true,
      "rootEmpty": true,
      "_timeout": 2000
    }
  ],
  "meta": {
    "mocha": {
      "version": "7.0.1"
    },
    "mochawesome": {
      "options": {
        "quiet": false,
        "reportFilename": "mochawesome",
        "saveHtml": false,
        "saveJson": true,
        "consoleReporter": "spec",
        "useInlineDiffs": false,
        "code": true
      },
      "version": "7.1.3"
    },
    "marge": {
      "options": {
        "reportDir": "cypress/reports",
        "overwrite": false,
        "html": false,
        "json": true
      },
      "version": "6.2.0"
    }
  }
}