{
  "stats": {
    "suites": 1,
    "tests": 6,
    "passes": 6,
    "pending": 0,
    "failures": 0,
    "start": "2025-02-12T20:50:12.240Z",
    "end": "2025-02-12T20:50:20.497Z",
    "duration": 8257,
    "testsRegistered": 6,
    "passPercent": 100,
    "pendingPercent": 0,
    "other": 0,
    "hasOther": false,
    "skipped": 0,
    "hasSkipped": false
  },
  "results": [
    {
      "uuid": "33975b9d-4b8a-4841-8610-d19506780fcd",
      "title": "",
      "fullFile": "cypress\\e2e\\spec.cy.js",
      "file": "cypress\\e2e\\spec.cy.js",
      "beforeHooks": [],
      "afterHooks": [],
      "tests": [],
      "suites": [
        {
          "uuid": "7f669dcc-1607-4b47-a1fc-646c15f43963",
          "title": "template spec",
          "fullFile": "",
          "file": "",
          "beforeHooks": [],
          "afterHooks": [],
          "tests": [
            {
              "title": "Formulário preenchido corretamente deve exibir mensagem de sucesso ao enviar",
              "fullTitle": "template spec Formulário preenchido corretamente deve exibir mensagem de sucesso ao enviar",
              "timedOut": null,
              "duration": 1244,
              "state": "passed",
              "speed": "fast",
              "pass": true,
              "fail": false,
              "pending": false,
              "context": null,
              "code": "cy.get(\"#name\").type(\"Juliano\");\ncy.get(\"#email\").type(\"juliano@example.com\");\ncy.get(\"#confirmEmail\").type(\"juliano@example.com\");\ncy.get(\"#password\").type(\"1234567A\");\ncy.get(\"button\").click();\ncy.get(\"#message\").should(\"be.visible\");",
              "err": {},
              "uuid": "3a529634-ae5f-471c-8bec-95174fc3d949",
              "parentUUID": "7f669dcc-1607-4b47-a1fc-646c15f43963",
              "isHook": false,
              "skipped": false
            },
            {
              "title": "O formulário deve exibir mensagem de erro ao enviar sem preencher todos os campos",
              "fullTitle": "template spec O formulário deve exibir mensagem de erro ao enviar sem preencher todos os campos",
              "timedOut": null,
              "duration": 976,
              "state": "passed",
              "speed": "fast",
              "pass": true,
              "fail": false,
              "pending": false,
              "context": null,
              "code": "cy.get(\"#name\").type(\"Juliano\");\ncy.get(\"#email\").type(\"juliano@example.com\");\ncy.get(\"#confirmEmail\").type(\"juliano@example.com\");\ncy.get(\"button\").click();\ncy.get('[id$=\"Error\"]').should(\"exist\");",
              "err": {},
              "uuid": "55f417d7-b61f-42a2-890c-bacb920e75cd",
              "parentUUID": "7f669dcc-1607-4b47-a1fc-646c15f43963",
              "isHook": false,
              "skipped": false
            },
            {
              "title": "Deve exibir mensagem de erro ao tentar enviar formulário com emails diferentes",
              "fullTitle": "template spec Deve exibir mensagem de erro ao tentar enviar formulário com emails diferentes",
              "timedOut": null,
              "duration": 1204,
              "state": "passed",
              "speed": "fast",
              "pass": true,
              "fail": false,
              "pending": false,
              "context": null,
              "code": "cy.get(\"#name\").type(\"Juliano\");\ncy.get(\"#email\").type(\"juliano@example.com\");\ncy.get(\"#confirmEmail\").type(\"julianos@example.com\");\ncy.get(\"#password\").type(\"1234567A\");\ncy.get(\"button\").click();\ncy.get(\"#confirmEmailError\").should(\"have.text\", \"Os e-mails digitados não coincidem.\");",
              "err": {},
              "uuid": "ace87925-f708-4ce2-94ac-249ffa998162",
              "parentUUID": "7f669dcc-1607-4b47-a1fc-646c15f43963",
              "isHook": false,
              "skipped": false
            },
            {
              "title": "A senha deve ter no mínimo 8 caracteres",
              "fullTitle": "template spec A senha deve ter no mínimo 8 caracteres",
              "timedOut": null,
              "duration": 1184,
              "state": "passed",
              "speed": "fast",
              "pass": true,
              "fail": false,
              "pending": false,
              "context": null,
              "code": "cy.get(\"#name\").type(\"Juliano\");\ncy.get(\"#email\").type(\"juliano@example.com\");\ncy.get(\"#confirmEmail\").type(\"juliano@example.com\");\ncy.get(\"#password\").type(\"A234567\");\ncy.get(\"button\").click();\ncy.get(\"#passwordError\").should(\"have.text\", \"A senha deve ter no mínimo 8 caracteres, 1 letra maiúscula e 1 número.\");",
              "err": {},
              "uuid": "8801c017-ed82-4116-9feb-f2066fdaeedc",
              "parentUUID": "7f669dcc-1607-4b47-a1fc-646c15f43963",
              "isHook": false,
              "skipped": false
            },
            {
              "title": "A senha deve ter pelo menos uma letra maiúscula",
              "fullTitle": "template spec A senha deve ter pelo menos uma letra maiúscula",
              "timedOut": null,
              "duration": 1195,
              "state": "passed",
              "speed": "fast",
              "pass": true,
              "fail": false,
              "pending": false,
              "context": null,
              "code": "cy.get(\"#name\").type(\"Juliano\");\ncy.get(\"#email\").type(\"juliano@example.com\");\ncy.get(\"#confirmEmail\").type(\"juliano@example.com\");\ncy.get(\"#password\").type(\"1234567a\");\ncy.get(\"button\").click();\ncy.get(\"#passwordError\").should(\"have.text\", \"A senha deve ter no mínimo 8 caracteres, 1 letra maiúscula e 1 número.\");",
              "err": {},
              "uuid": "6e92f3d6-1f72-470b-a683-48399bc08917",
              "parentUUID": "7f669dcc-1607-4b47-a1fc-646c15f43963",
              "isHook": false,
              "skipped": false
            },
            {
              "title": "A senha deve ter pelo menos um número",
              "fullTitle": "template spec A senha deve ter pelo menos um número",
              "timedOut": null,
              "duration": 1191,
              "state": "passed",
              "speed": "fast",
              "pass": true,
              "fail": false,
              "pending": false,
              "context": null,
              "code": "cy.get(\"#name\").type(\"Juliano\");\ncy.get(\"#email\").type(\"juliano@example.com\");\ncy.get(\"#confirmEmail\").type(\"juliano@example.com\");\ncy.get(\"#password\").type(\"Abcdefgh\");\ncy.get(\"button\").click();\ncy.get(\"#passwordError\").should(\"have.text\", \"A senha deve ter no mínimo 8 caracteres, 1 letra maiúscula e 1 número.\");",
              "err": {},
              "uuid": "fa1cf8aa-19b5-4507-bb4b-e04b458f0973",
              "parentUUID": "7f669dcc-1607-4b47-a1fc-646c15f43963",
              "isHook": false,
              "skipped": false
            }
          ],
          "suites": [],
          "passes": [
            "3a529634-ae5f-471c-8bec-95174fc3d949",
            "55f417d7-b61f-42a2-890c-bacb920e75cd",
            "ace87925-f708-4ce2-94ac-249ffa998162",
            "8801c017-ed82-4116-9feb-f2066fdaeedc",
            "6e92f3d6-1f72-470b-a683-48399bc08917",
            "fa1cf8aa-19b5-4507-bb4b-e04b458f0973"
          ],
          "failures": [],
          "pending": [],
          "skipped": [],
          "duration": 6994,
          "root": false,
          "rootEmpty": false,
          "_timeout": 2000
        }
      ],
      "passes": [],
      "failures": [],
      "pending": [],
      "skipped": [],
      "duration": 0,
      "root": true,
      "rootEmpty": true,
      "_timeout": 2000
    }
  ],
  "meta": {
    "mocha": {
      "version": "7.0.1"
    },
    "mochawesome": {
      "options": {
        "quiet": false,
        "reportFilename": "mochawesome",
        "saveHtml": false,
        "saveJson": true,
        "consoleReporter": "spec",
        "useInlineDiffs": false,
        "code": true
      },
      "version": "7.1.3"
    },
    "marge": {
      "options": {
        "reportDir": "cypress/reports",
        "overwrite": false,
        "html": false,
        "json": true
      },
      "version": "6.2.0"
    }
  }
}